<?xml version="1.0" encoding="UTF-8"?>
<testsuites>
  <testsuite name="" tests="9" assertions="3" errors="6" warnings="0" failures="0" skipped="0" time="0.004675">
    <testsuite name="Sintegra Test Suite" tests="9" assertions="3" errors="6" warnings="0" failures="0" skipped="0" time="0.004675">
      <testsuite name="NFePHP\Sintegra\Tests\Z10Test" file="/var/www/sped/sped-sintegra/tests/Z10Test.php" tests="1" assertions="1" errors="0" warnings="0" failures="0" skipped="0" time="0.002265">
        <testcase name="testZ10" class="NFePHP\Sintegra\Tests\Z10Test" classname="NFePHP.Sintegra.Tests.Z10Test" file="/var/www/sped/sped-sintegra/tests/Z10Test.php" line="11" assertions="1" time="0.002265"/>
      </testsuite>
      <testsuite name="NFePHP\Sintegra\Tests\Z11Test" file="/var/www/sped/sped-sintegra/tests/Z11Test.php" tests="1" assertions="1" errors="0" warnings="0" failures="0" skipped="0" time="0.000295">
        <testcase name="testZ11" class="NFePHP\Sintegra\Tests\Z11Test" classname="NFePHP.Sintegra.Tests.Z11Test" file="/var/www/sped/sped-sintegra/tests/Z11Test.php" line="11" assertions="1" time="0.000295"/>
      </testsuite>
      <testsuite name="NFePHP\Sintegra\Tests\Z50Test" file="/var/www/sped/sped-sintegra/tests/Z50Test.php" tests="1" assertions="1" errors="0" warnings="0" failures="0" skipped="0" time="0.000356">
        <testcase name="testZ50" class="NFePHP\Sintegra\Tests\Z50Test" classname="NFePHP.Sintegra.Tests.Z50Test" file="/var/www/sped/sped-sintegra/tests/Z50Test.php" line="11" assertions="1" time="0.000356"/>
      </testsuite>
      <testsuite name="NFePHP\Sintegra\Tests\Z51Test" file="/var/www/sped/sped-sintegra/tests/Z51Test.php" tests="1" assertions="0" errors="1" warnings="0" failures="0" skipped="0" time="0.000422">
        <testcase name="testZ51" class="NFePHP\Sintegra\Tests\Z51Test" classname="NFePHP.Sintegra.Tests.Z51Test" file="/var/www/sped/sped-sintegra/tests/Z51Test.php" line="11" assertions="0" time="0.000422">
          <error type="InvalidArgumentException">NFePHP\Sintegra\Tests\Z51Test::testZ51
InvalidArgumentException: [51] 51 campo: DATA_EMISSAO valor incorreto [20052020]. (validação: ^([12]\d{3})(0[1-9]|1[0-2])(0[1-9]|[1-2][0-9]|31(?!(?:0[2469]|11))|30(?!02))$)

/var/www/sped/sped-sintegra/src/Common/Element.php:103
/var/www/sped/sped-sintegra/src/Elements/Z51.php:132
/var/www/sped/sped-sintegra/tests/Z51Test.php:27</error>
        </testcase>
      </testsuite>
      <testsuite name="NFePHP\Sintegra\Tests\Z53Test" file="/var/www/sped/sped-sintegra/tests/Z53Test.php" tests="1" assertions="0" errors="1" warnings="0" failures="0" skipped="0" time="0.000263">
        <testcase name="testZ53" class="NFePHP\Sintegra\Tests\Z53Test" classname="NFePHP.Sintegra.Tests.Z53Test" file="/var/www/sped/sped-sintegra/tests/Z53Test.php" line="11" assertions="0" time="0.000263">
          <error type="InvalidArgumentException">NFePHP\Sintegra\Tests\Z53Test::testZ53
InvalidArgumentException: [53] 53 campo: DATA_EMISSAO valor incorreto [20052020]. (validação: ^([12]\d{3})(0[1-9]|1[0-2])(0[1-9]|[1-2][0-9]|31(?!(?:0[2469]|11))|30(?!02))$)

/var/www/sped/sped-sintegra/src/Common/Element.php:103
/var/www/sped/sped-sintegra/src/Elements/Z53.php:148
/var/www/sped/sped-sintegra/tests/Z53Test.php:29</error>
        </testcase>
      </testsuite>
      <testsuite name="NFePHP\Sintegra\Tests\Z54Test" file="/var/www/sped/sped-sintegra/tests/Z54Test.php" tests="1" assertions="0" errors="1" warnings="0" failures="0" skipped="0" time="0.000312">
        <testcase name="testZ54" class="NFePHP\Sintegra\Tests\Z54Test" classname="NFePHP.Sintegra.Tests.Z54Test" file="/var/www/sped/sped-sintegra/tests/Z54Test.php" line="11" assertions="0" time="0.000312">
          <error type="PHPUnit\Framework\Error\Notice">NFePHP\Sintegra\Tests\Z54Test::testZ54
Undefined property: NFePHP\Sintegra\Elements\Z54::$len

/var/www/sped/sped-sintegra/src/Common/Element.php:283
/var/www/sped/sped-sintegra/src/Common/Element.php:297
/var/www/sped/sped-sintegra/tests/Z54Test.php:30</error>
        </testcase>
      </testsuite>
      <testsuite name="NFePHP\Sintegra\Tests\Z61RTest" file="/var/www/sped/sped-sintegra/tests/Z61RTest.php" tests="1" assertions="0" errors="1" warnings="0" failures="0" skipped="0" time="0.000207">
        <testcase name="testZ61" class="NFePHP\Sintegra\Tests\Z61RTest" classname="NFePHP.Sintegra.Tests.Z61RTest" file="/var/www/sped/sped-sintegra/tests/Z61RTest.php" line="11" assertions="0" time="0.000207">
          <error type="PHPUnit\Framework\Error\Notice">NFePHP\Sintegra\Tests\Z61RTest::testZ61
Undefined property: NFePHP\Sintegra\Elements\Z61R::$len

/var/www/sped/sped-sintegra/src/Common/Element.php:283
/var/www/sped/sped-sintegra/src/Common/Element.php:297
/var/www/sped/sped-sintegra/tests/Z61RTest.php:21</error>
        </testcase>
      </testsuite>
      <testsuite name="NFePHP\Sintegra\Tests\Z61Test" file="/var/www/sped/sped-sintegra/tests/Z61Test.php" tests="1" assertions="0" errors="1" warnings="0" failures="0" skipped="0" time="0.000270">
        <testcase name="testZ61" class="NFePHP\Sintegra\Tests\Z61Test" classname="NFePHP.Sintegra.Tests.Z61Test" file="/var/www/sped/sped-sintegra/tests/Z61Test.php" line="11" assertions="0" time="0.000270">
          <error type="InvalidArgumentException">NFePHP\Sintegra\Tests\Z61Test::testZ61
InvalidArgumentException: [61] 61 campo: DATA_EMISSAO valor incorreto [01022020]. (validação: ^([12]\d{3})(0[1-9]|1[0-2])(0[1-9]|[1-2][0-9]|31(?!(?:0[2469]|11))|30(?!02))$)

/var/www/sped/sped-sintegra/src/Common/Element.php:103
/var/www/sped/sped-sintegra/src/Elements/Z61.php:152
/var/www/sped/sped-sintegra/tests/Z61Test.php:25</error>
        </testcase>
      </testsuite>
      <testsuite name="NFePHP\Sintegra\Tests\Z75Test" file="/var/www/sped/sped-sintegra/tests/Z75Test.php" tests="1" assertions="0" errors="1" warnings="0" failures="0" skipped="0" time="0.000284">
        <testcase name="testZ75" class="NFePHP\Sintegra\Tests\Z75Test" classname="NFePHP.Sintegra.Tests.Z75Test" file="/var/www/sped/sped-sintegra/tests/Z75Test.php" line="11" assertions="0" time="0.000284">
          <error type="PHPUnit\Framework\Error\Notice">NFePHP\Sintegra\Tests\Z75Test::testZ75
Undefined property: NFePHP\Sintegra\Elements\Z75::$len

/var/www/sped/sped-sintegra/src/Common/Element.php:283
/var/www/sped/sped-sintegra/src/Common/Element.php:297
/var/www/sped/sped-sintegra/tests/Z75Test.php:25</error>
        </testcase>
      </testsuite>
    </testsuite>
  </testsuite>
</testsuites>
